2025-03-15 18:46:32.187 [main] INFO  c.project.datasource.DbInitializer.init(49) - QUERY 1:
CREATE TABLE IF NOT EXISTS projekt(
 projekt_id SERIAL, --SERIAL lub INTEGER GENERATED BY DEFAULT AS IDENTITY(START WITH 1, INCREMENT BY 1)
 nazwa VARCHAR(50) NOT NULL,
 opis VARCHAR(1000),
 dataczas_utworzenia TIMESTAMP DEFAULT now(),
 data_oddania DATE,
 CONSTRAINT projekt_pk PRIMARY KEY (projekt_id)
);
CREATE TABLE IF NOT EXISTS zadanie(
 zadanie_id SERIAL, --SERIAL lub INTEGER GENERATED BY DEFAULT AS IDENTITY(START WITH 1, INCREMENT BY 1)
 nazwa VARCHAR(50) NOT NULL,
 opis VARCHAR(1000),
 kolejnosc INTEGER,
 dataczas_utworzenia TIMESTAMP DEFAULT now(),
 projekt_id INTEGER NOT NULL,
 CONSTRAINT zadanie_pk PRIMARY KEY (zadanie_id)
);

2025-03-15 18:46:32.199 [main] INFO  c.project.datasource.DbInitializer.init(49) - QUERY 2:
CREATE INDEX IF NOT EXISTS projekt_nazwa_idx ON projekt(nazwa);
CREATE INDEX IF NOT EXISTS zadanie_nazwa_idx ON zadanie(nazwa);
ALTER TABLE zadanie ADD CONSTRAINT IF NOT EXISTS zadanie_projekt_fk FOREIGN KEY (projekt_id) REFERENCES projekt (projekt_id) ON DELETE CASCADE;
ALTER TABLE zadanie ADD CONSTRAINT IF NOT EXISTS unique_kolejnosc UNIQUE (kolejnosc, projekt_id);

2025-03-15 18:46:32.215 [main] INFO  c.p.app.ProjectClientApplication.main(26) - Id utworzonego pojektu: 1
2025-03-15 18:46:32.216 [main] INFO  c.p.app.ProjectClientApplication.main(29) - Pobrany projekt - Id: 1, nazwa: Projekt testowy, opis: Opis testowy
2025-03-15 18:46:32.216 [main] INFO  c.p.app.ProjectClientApplication.main(36) - Pobrano 1 projektów
2025-03-15 18:46:32.217 [main] INFO  c.p.app.ProjectClientApplication.lambda$main$0(37) - Projekt - Id: 1, nazwa: Projekt testowy
2025-03-15 18:46:32.219 [main] INFO  c.p.app.ProjectClientApplication.main(41) - Pobrano 1 projektów zawierających 'test' w nazwie
2025-03-15 18:46:32.219 [main] INFO  c.p.app.ProjectClientApplication.main(45) - Łączna liczba projektów: 1
2025-03-15 18:46:32.223 [main] INFO  c.p.app.ProjectClientApplication.main(49) - Usunięto projekt o Id: 1
2025-03-15 18:46:32.223 [main] INFO  c.p.app.ProjectClientApplication.main(53) - Próba pobrania usuniętego projektu: Nie istnieje
2025-03-15 18:46:32.224 [main] INFO  c.p.app.ProjectClientApplication.main(59) - Pobrano 0 projektów z datą oddania 2024-03-15
2025-03-15 18:46:32.224 [main] INFO  c.p.app.ProjectClientApplication.main(63) - Liczba projektów z datą oddania 2024-03-15: 0
